Using pre-set license
Built from '2021.3/staging' branch; Version is '2021.3.14f1 (eee1884e7226) revision 15655304'; Using compiler version '192829333'; Build Type 'Release'
OS: 'Windows 10  (10.0.18362) 64bit Professional' Language: 'ko' Physical Memory: 24508 MB
BatchMode: 1, IsHumanControllingUs: 0, StartBugReporterOnCrash: 0, Is64bit: 1, IsPro: 1

COMMAND LINE ARGUMENTS:
C:\Program Files\Unity 2021.3.14f1\Editor\Unity.exe
-adb2
-batchMode
-noUpm
-name
AssetImportWorker2
-projectPath
E:/GuildMaster
-logFile
Logs/AssetImportWorker2.log
-srvPort
55161
Successfully changed project path to: E:/GuildMaster
E:/GuildMaster
[UnityMemory] Configuration Parameters - Can be set up in boot.config
    "memorysetup-bucket-allocator-granularity=16"
    "memorysetup-bucket-allocator-bucket-count=8"
    "memorysetup-bucket-allocator-block-size=33554432"
    "memorysetup-bucket-allocator-block-count=8"
    "memorysetup-main-allocator-block-size=16777216"
    "memorysetup-thread-allocator-block-size=16777216"
    "memorysetup-gfx-main-allocator-block-size=16777216"
    "memorysetup-gfx-thread-allocator-block-size=16777216"
    "memorysetup-cache-allocator-block-size=4194304"
    "memorysetup-typetree-allocator-block-size=2097152"
    "memorysetup-profiler-bucket-allocator-granularity=16"
    "memorysetup-profiler-bucket-allocator-bucket-count=8"
    "memorysetup-profiler-bucket-allocator-block-size=33554432"
    "memorysetup-profiler-bucket-allocator-block-count=8"
    "memorysetup-profiler-allocator-block-size=16777216"
    "memorysetup-profiler-editor-allocator-block-size=1048576"
    "memorysetup-temp-allocator-size-main=16777216"
    "memorysetup-job-temp-allocator-block-size=2097152"
    "memorysetup-job-temp-allocator-block-size-background=1048576"
    "memorysetup-job-temp-allocator-reduction-small-platforms=262144"
    "memorysetup-temp-allocator-size-background-worker=32768"
    "memorysetup-temp-allocator-size-job-worker=262144"
    "memorysetup-temp-allocator-size-preload-manager=33554432"
    "memorysetup-temp-allocator-size-nav-mesh-worker=65536"
    "memorysetup-temp-allocator-size-audio-worker=65536"
    "memorysetup-temp-allocator-size-cloud-worker=32768"
    "memorysetup-temp-allocator-size-gi-baking-worker=262144"
    "memorysetup-temp-allocator-size-gfx=262144"
Refreshing native plugins compatible for Editor in 142.32 ms, found 3 plugins.
Preloading 0 native plugins for Editor in 0.00 ms.
Initialize engine version: 2021.3.14f1 (eee1884e7226)
[Subsystems] Discovering subsystems at path C:/Program Files/Unity 2021.3.14f1/Editor/Data/Resources/UnitySubsystems
[Subsystems] Discovering subsystems at path E:/GuildMaster/Assets
GfxDevice: creating device client; threaded=0; jobified=0
Direct3D:
    Version:  Direct3D 11.0 [level 11.1]
    Renderer: NVIDIA GeForce GTX 1060 3GB (ID=0x1c02)
    Vendor:   NVIDIA
    VRAM:     2978 MB
    Driver:   31.0.15.2686
Initialize mono
Mono path[0] = 'C:/Program Files/Unity 2021.3.14f1/Editor/Data/Managed'
Mono path[1] = 'C:/Program Files/Unity 2021.3.14f1/Editor/Data/MonoBleedingEdge/lib/mono/unityjit-win32'
Mono config path = 'C:/Program Files/Unity 2021.3.14f1/Editor/Data/MonoBleedingEdge/etc'
Using monoOptions --debugger-agent=transport=dt_socket,embedding=1,server=y,suspend=n,address=127.0.0.1:56576
Begin MonoManager ReloadAssembly
Registering precompiled unity dll's ...
Register platform support module: C:/Program Files/Unity 2021.3.14f1/Editor/Data/PlaybackEngines/WindowsStandaloneSupport/UnityEditor.WindowsStandalone.Extensions.dll
Registered in 0.014799 seconds.
Native extension for WindowsStandalone target not found
Refreshing native plugins compatible for Editor in 171.19 ms, found 3 plugins.
Preloading 0 native plugins for Editor in 0.00 ms.
Mono: successfully reloaded assembly
- Completed reload, in  1.583 seconds
Domain Reload Profiling:
	ReloadAssembly (1586ms)
		BeginReloadAssembly (193ms)
			ExecutionOrderSort (0ms)
			DisableScriptedObjects (0ms)
			BackupInstance (0ms)
			ReleaseScriptingObjects (0ms)
			CreateAndSetChildDomain (1ms)
		EndReloadAssembly (1158ms)
			LoadAssemblies (187ms)
			RebuildTransferFunctionScriptingTraits (0ms)
			SetupTypeCache (209ms)
			ReleaseScriptCaches (0ms)
			RebuildScriptCaches (60ms)
			SetupLoadedEditorAssemblies (711ms)
				LogAssemblyErrors (0ms)
				InitializePlatformSupportModulesInManaged (17ms)
				SetLoadedEditorAssemblies (0ms)
				RefreshPlugins (171ms)
				BeforeProcessingInitializeOnLoad (4ms)
				ProcessInitializeOnLoadAttributes (351ms)
				ProcessInitializeOnLoadMethodAttributes (167ms)
				AfterProcessingInitializeOnLoad (0ms)
				EditorAssembliesLoaded (0ms)
			ExecutionOrderSort2 (0ms)
			AwakeInstancesAfterBackupRestoration (0ms)
Platform modules already initialized, skipping
Registering precompiled user dll's ...
Registered in 0.017683 seconds.
Begin MonoManager ReloadAssembly
Symbol file LoadedFromMemory doesn't match image E:\GuildMaster\Library\PackageCache\com.unity.visualscripting@1.7.8\Editor\VisualScripting.Core\Dependencies\YamlDotNet\Unity.VisualScripting.YamlDotNet.dll
Symbol file LoadedFromMemory doesn't match image E:\GuildMaster\Library\PackageCache\com.unity.visualscripting@1.7.8\Editor\VisualScripting.Core\Dependencies\DotNetZip\Unity.VisualScripting.IonicZip.dll
Native extension for WindowsStandalone target not found
Refreshing native plugins compatible for Editor in 0.71 ms, found 3 plugins.
Preloading 0 native plugins for Editor in 0.00 ms.
Mono: successfully reloaded assembly
- Completed reload, in  6.605 seconds
Domain Reload Profiling:
	ReloadAssembly (6606ms)
		BeginReloadAssembly (195ms)
			ExecutionOrderSort (0ms)
			DisableScriptedObjects (10ms)
			BackupInstance (0ms)
			ReleaseScriptingObjects (0ms)
			CreateAndSetChildDomain (27ms)
		EndReloadAssembly (6147ms)
			LoadAssemblies (3422ms)
			RebuildTransferFunctionScriptingTraits (0ms)
			SetupTypeCache (935ms)
			ReleaseScriptCaches (1ms)
			RebuildScriptCaches (65ms)
			SetupLoadedEditorAssemblies (1692ms)
				LogAssemblyErrors (0ms)
				InitializePlatformSupportModulesInManaged (9ms)
				SetLoadedEditorAssemblies (1ms)
				RefreshPlugins (1ms)
				BeforeProcessingInitializeOnLoad (117ms)
				ProcessInitializeOnLoadAttributes (421ms)
				ProcessInitializeOnLoadMethodAttributes (1126ms)
				AfterProcessingInitializeOnLoad (17ms)
				EditorAssembliesLoaded (0ms)
			ExecutionOrderSort2 (0ms)
			AwakeInstancesAfterBackupRestoration (18ms)
Platform modules already initialized, skipping
========================================================================
Worker process is ready to serve import requests
Launched and connected shader compiler UnityShaderCompiler.exe after 0.13 seconds
Refreshing native plugins compatible for Editor in 0.66 ms, found 3 plugins.
Preloading 0 native plugins for Editor in 0.00 ms.
Unloading 3482 Unused Serialized files (Serialized files now loaded: 0)
Unloading 28 unused Assets / (113.9 KB). Loaded Objects now: 3939.
Memory consumption went from 123.5 MB to 123.3 MB.
Total: 4.720800 ms (FindLiveObjects: 0.436200 ms CreateObjectMapping: 0.126000 ms MarkObjects: 4.001200 ms  DeleteObjects: 0.155800 ms)

AssetImportParameters requested are different than current active one (requested -> active):
  custom:video-decoder-ogg-theora: a1e56fd34408186e4bbccfd4996cb3dc -> 
  custom:container-muxer-webm: aa71ff27fc2769a1b78a27578f13a17b -> 
  custom:container-demuxer-webm: 4f35f7cbe854078d1ac9338744f61a02 -> 
  custom:video-encoder-webm-vp8: eb34c28f22e8b96e1ab97ce403110664 -> 
  custom:video-codec-MediaFoundation-h265: 746d11721c4dcdbdad8f713fa42b33f4 -> 
  custom:audio-encoder-webm-vorbis: bf7c407c2cedff20999df2af8eb42d56 -> 
  custom:framework-win-MediaFoundation: 216162199b28c13a410421893ffa2e32 -> 
  custom:container-demuxer-ogg: 62fdf1f143b41e24485cea50d1cbac27 -> 
  custom:video-decoder-webm-vp8: 9c59270c3fd7afecdb556c50c9e8de78 -> 
  custom:audio-decoder-ogg-vorbis: bf7c407c2cedff20999df2af8eb42d56 -> 
========================================================================
Received Import Request.
  Time since last request: 368330.705977 seconds.
  path: Assets/Resources/SPUM/SPUM_Units/Unit001.prefab
  artifactKey: Guid(219880047a5a7b34e8f25da3d2d6b995) Importer(815301076,1909f56bfc062723c751e8b465ee728b)
Start importing Assets/Resources/SPUM/SPUM_Units/Unit001.prefab using Guid(219880047a5a7b34e8f25da3d2d6b995) Importer(815301076,1909f56bfc062723c751e8b465ee728b)  -> (artifact id: 'ef1c2b7677cdfaf923855abf9c7a5c64') in 0.309052 seconds 
========================================================================
Received Import Request.
  Time since last request: 0.000029 seconds.
  path: Assets/Resources/SPUM/SPUM_Units/Unit002.prefab
  artifactKey: Guid(c76ef8329ba178d4f8a318c0dc578817) Importer(815301076,1909f56bfc062723c751e8b465ee728b)
Start importing Assets/Resources/SPUM/SPUM_Units/Unit002.prefab using Guid(c76ef8329ba178d4f8a318c0dc578817) Importer(815301076,1909f56bfc062723c751e8b465ee728b)  -> (artifact id: 'a4145a1463610372b43570ebd1eedc84') in 0.080962 seconds 
========================================================================
Received Import Request.
  Time since last request: 0.000038 seconds.
  path: Assets/Resources/SPUM/SPUM_Units/Unit012.prefab
  artifactKey: Guid(f264a5c8fc4c29c48a0cf1784c080920) Importer(815301076,1909f56bfc062723c751e8b465ee728b)
Start importing Assets/Resources/SPUM/SPUM_Units/Unit012.prefab using Guid(f264a5c8fc4c29c48a0cf1784c080920) Importer(815301076,1909f56bfc062723c751e8b465ee728b)  -> (artifact id: '468a927865e1e6126a29fdcf3f438308') in 0.078295 seconds 
========================================================================
Received Import Request.
  Time since last request: 0.000024 seconds.
  path: Assets/Resources/SPUM/SPUM_Units/Unit003.prefab
  artifactKey: Guid(1c243e0f71705dc488da3de7588917f8) Importer(815301076,1909f56bfc062723c751e8b465ee728b)
Start importing Assets/Resources/SPUM/SPUM_Units/Unit003.prefab using Guid(1c243e0f71705dc488da3de7588917f8) Importer(815301076,1909f56bfc062723c751e8b465ee728b)  -> (artifact id: '7fec59483cf2262e5fe86877086d907f') in 0.074705 seconds 
========================================================================
Received Import Request.
  Time since last request: 0.000030 seconds.
  path: Assets/Resources/SPUM/SPUM_Units/Unit010.prefab
  artifactKey: Guid(b20c138c677799548b6255fbcd81f2a9) Importer(815301076,1909f56bfc062723c751e8b465ee728b)
Start importing Assets/Resources/SPUM/SPUM_Units/Unit010.prefab using Guid(b20c138c677799548b6255fbcd81f2a9) Importer(815301076,1909f56bfc062723c751e8b465ee728b)  -> (artifact id: 'f67aa4d8df43724b2c138dee4362ce81') in 0.061388 seconds 
========================================================================
Received Import Request.
  Time since last request: 0.000071 seconds.
  path: Assets/Resources/SPUM/SPUM_Units/Unit014.prefab
  artifactKey: Guid(bf0e4ea32fb41cc44ba416d4df118f14) Importer(815301076,1909f56bfc062723c751e8b465ee728b)
Start importing Assets/Resources/SPUM/SPUM_Units/Unit014.prefab using Guid(bf0e4ea32fb41cc44ba416d4df118f14) Importer(815301076,1909f56bfc062723c751e8b465ee728b)  -> (artifact id: '75f95b5b3a0f7b2cf93fb8a60996b0d8') in 0.061442 seconds 
========================================================================
Received Import Request.
  Time since last request: 0.000043 seconds.
  path: Assets/Resources/SPUM/SPUM_Units/Unit006.prefab
  artifactKey: Guid(c774515522c4a854ab52d0fc3158cda2) Importer(815301076,1909f56bfc062723c751e8b465ee728b)
Start importing Assets/Resources/SPUM/SPUM_Units/Unit006.prefab using Guid(c774515522c4a854ab52d0fc3158cda2) Importer(815301076,1909f56bfc062723c751e8b465ee728b)  -> (artifact id: 'f9cd84170cab83cb4bde7ae08a1b1fe4') in 0.055597 seconds 
========================================================================
Received Import Request.
  Time since last request: 0.000036 seconds.
  path: Assets/Script/AuctionManager.cs
  artifactKey: Guid(d0e4cbe24b6fb07419e47d43494b107a) Importer(815301076,1909f56bfc062723c751e8b465ee728b)
Start importing Assets/Script/AuctionManager.cs using Guid(d0e4cbe24b6fb07419e47d43494b107a) Importer(815301076,1909f56bfc062723c751e8b465ee728b)  -> (artifact id: '9616b0e3585c817093f63dc64617e101') in 0.016845 seconds 
========================================================================
Received Import Request.
  Time since last request: 15135.664628 seconds.
  path: Assets/Script/Plugin
  artifactKey: Guid(a19f9ae9efaf7eb49ae8859cf67aaa2c) Importer(815301076,1909f56bfc062723c751e8b465ee728b)
Start importing Assets/Script/Plugin using Guid(a19f9ae9efaf7eb49ae8859cf67aaa2c) Importer(815301076,1909f56bfc062723c751e8b465ee728b)  -> (artifact id: 'c966de63f006a50173a47cfd06c659c1') in 0.008781 seconds 
========================================================================
Received Import Request.
  Time since last request: 155.231398 seconds.
  path: Assets/Script/Plugin/Moments Recorder
  artifactKey: Guid(eaa7927a26169624c8632a5d94c3e169) Importer(815301076,1909f56bfc062723c751e8b465ee728b)
Start importing Assets/Script/Plugin/Moments Recorder using Guid(eaa7927a26169624c8632a5d94c3e169) Importer(815301076,1909f56bfc062723c751e8b465ee728b)  -> (artifact id: '31660fd47b552109d34c6483866b5d9e') in 0.007855 seconds 
========================================================================
Received Import Request.
  Time since last request: 0.448239 seconds.
  path: Assets/Script/Plugin/Moments Recorder/Scripts
  artifactKey: Guid(303ebe2242ecd8b4fa59ab481f95e82f) Importer(815301076,1909f56bfc062723c751e8b465ee728b)
Start importing Assets/Script/Plugin/Moments Recorder/Scripts using Guid(303ebe2242ecd8b4fa59ab481f95e82f) Importer(815301076,1909f56bfc062723c751e8b465ee728b)  -> (artifact id: 'bc2c463f85ebe52e5b62ae04891aceba') in 0.007495 seconds 
========================================================================
Received Import Request.
  Time since last request: 84.624538 seconds.
  path: Assets/Script/CNetworkManager.cs
  artifactKey: Guid(e9a459753737ac54aa9164a081315efb) Importer(815301076,1909f56bfc062723c751e8b465ee728b)
Start importing Assets/Script/CNetworkManager.cs using Guid(e9a459753737ac54aa9164a081315efb) Importer(815301076,1909f56bfc062723c751e8b465ee728b)  -> (artifact id: '0c88fceaeb57ef1d0deb211cfa3d3e18') in 0.008344 seconds 
========================================================================
Received Import Request.
  Time since last request: 25.466112 seconds.
  path: Assets/Script/CNetworkManager.cs
  artifactKey: Guid(e9a459753737ac54aa9164a081315efb) Importer(815301076,1909f56bfc062723c751e8b465ee728b)
Start importing Assets/Script/CNetworkManager.cs using Guid(e9a459753737ac54aa9164a081315efb) Importer(815301076,1909f56bfc062723c751e8b465ee728b)  -> (artifact id: '867f05fd70b0b97d2cf69880a0b69877') in 0.003013 seconds 
========================================================================
Received Import Request.
  Time since last request: 72.540645 seconds.
  path: Assets/Script/CLogManager.cs
  artifactKey: Guid(b32795bf32df0524b8d2053a28e63f5d) Importer(815301076,1909f56bfc062723c751e8b465ee728b)
Start importing Assets/Script/CLogManager.cs using Guid(b32795bf32df0524b8d2053a28e63f5d) Importer(815301076,1909f56bfc062723c751e8b465ee728b)  -> (artifact id: '8730ef9f3de842248821219dc17c2957') in 0.007995 seconds 
========================================================================
Received Import Request.
  Time since last request: 6.984519 seconds.
  path: Assets/Script/CLogManager.cs
  artifactKey: Guid(b32795bf32df0524b8d2053a28e63f5d) Importer(815301076,1909f56bfc062723c751e8b465ee728b)
Start importing Assets/Script/CLogManager.cs using Guid(b32795bf32df0524b8d2053a28e63f5d) Importer(815301076,1909f56bfc062723c751e8b465ee728b)  -> (artifact id: '777ca3292fe075b9280d7017676aa97b') in 0.003075 seconds 
========================================================================
Received Import Request.
  Time since last request: 107.534171 seconds.
  path: Assets/Script/CMainTitle.cs
  artifactKey: Guid(270f0daf58e24924281679364e7e60e2) Importer(815301076,1909f56bfc062723c751e8b465ee728b)
Start importing Assets/Script/CMainTitle.cs using Guid(270f0daf58e24924281679364e7e60e2) Importer(815301076,1909f56bfc062723c751e8b465ee728b)  -> (artifact id: '5a3755f45e1b294b1a95d6d2657844c3') in 0.007502 seconds 
========================================================================
Received Import Request.
  Time since last request: 14.598036 seconds.
  path: Assets/Script/CMainTitle.cs
  artifactKey: Guid(270f0daf58e24924281679364e7e60e2) Importer(815301076,1909f56bfc062723c751e8b465ee728b)
Start importing Assets/Script/CMainTitle.cs using Guid(270f0daf58e24924281679364e7e60e2) Importer(815301076,1909f56bfc062723c751e8b465ee728b)  -> (artifact id: '3347df08a074fa4fb8ba2d3ce2cbdbe2') in 0.003400 seconds 
========================================================================
Received Import Request.
  Time since last request: 31.462667 seconds.
  path: Assets/Script/CMainTitle.cs
  artifactKey: Guid(270f0daf58e24924281679364e7e60e2) Importer(815301076,1909f56bfc062723c751e8b465ee728b)
Start importing Assets/Script/CMainTitle.cs using Guid(270f0daf58e24924281679364e7e60e2) Importer(815301076,1909f56bfc062723c751e8b465ee728b)  -> (artifact id: 'ec062fc769b22475bf1cc7d191d58b75') in 0.003163 seconds 
========================================================================
Received Import Request.
  Time since last request: 29.578277 seconds.
  path: Assets/Script/CMainTitle.cs
  artifactKey: Guid(270f0daf58e24924281679364e7e60e2) Importer(815301076,1909f56bfc062723c751e8b465ee728b)
Start importing Assets/Script/CMainTitle.cs using Guid(270f0daf58e24924281679364e7e60e2) Importer(815301076,1909f56bfc062723c751e8b465ee728b)  -> (artifact id: 'a368b8463cf6a4a1f23fd68e0849172d') in 0.003158 seconds 
========================================================================
Received Import Request.
  Time since last request: 30.968024 seconds.
  path: Assets/Script/CMainTitle.cs
  artifactKey: Guid(270f0daf58e24924281679364e7e60e2) Importer(815301076,1909f56bfc062723c751e8b465ee728b)
Start importing Assets/Script/CMainTitle.cs using Guid(270f0daf58e24924281679364e7e60e2) Importer(815301076,1909f56bfc062723c751e8b465ee728b)  -> (artifact id: 'b42fb894e82c1a16dd004548030f615e') in 0.003064 seconds 
========================================================================
Received Import Request.
  Time since last request: 52.799740 seconds.
  path: Assets/Script/Protocol.cs
  artifactKey: Guid(2d3d34635e830ab409d0e2546692c880) Importer(815301076,1909f56bfc062723c751e8b465ee728b)
Start importing Assets/Script/Protocol.cs using Guid(2d3d34635e830ab409d0e2546692c880) Importer(815301076,1909f56bfc062723c751e8b465ee728b)  -> (artifact id: 'cf0c1680c94a582951d29039e6bfc8e5') in 0.009078 seconds 
========================================================================
Received Import Request.
  Time since last request: 74.558523 seconds.
  path: Assets/Script/Protocol.cs
  artifactKey: Guid(2d3d34635e830ab409d0e2546692c880) Importer(815301076,1909f56bfc062723c751e8b465ee728b)
Start importing Assets/Script/Protocol.cs using Guid(2d3d34635e830ab409d0e2546692c880) Importer(815301076,1909f56bfc062723c751e8b465ee728b)  -> (artifact id: '091e3c3ff665c273e0d1aaec090f5bde') in 0.003647 seconds 
========================================================================
Received Import Request.
  Time since last request: 930.616034 seconds.
  path: Assets/Script/CPlayer.cs
  artifactKey: Guid(f381e71d1ed38b34f9195d164b81cce0) Importer(815301076,1909f56bfc062723c751e8b465ee728b)
Start importing Assets/Script/CPlayer.cs using Guid(f381e71d1ed38b34f9195d164b81cce0) Importer(815301076,1909f56bfc062723c751e8b465ee728b)  -> (artifact id: '444e1075b63f88b358c8d44793a9a958') in 0.007595 seconds 
========================================================================
Received Import Request.
  Time since last request: 31.464012 seconds.
  path: Assets/Script/CPlayer.cs
  artifactKey: Guid(f381e71d1ed38b34f9195d164b81cce0) Importer(815301076,1909f56bfc062723c751e8b465ee728b)
Start importing Assets/Script/CPlayer.cs using Guid(f381e71d1ed38b34f9195d164b81cce0) Importer(815301076,1909f56bfc062723c751e8b465ee728b)  -> (artifact id: '61538478e0bdd5771a90b3fdbeec5e9d') in 0.002990 seconds 
========================================================================
Received Import Request.
  Time since last request: 51.424372 seconds.
  path: Assets/Script/CPlayer.cs
  artifactKey: Guid(f381e71d1ed38b34f9195d164b81cce0) Importer(815301076,1909f56bfc062723c751e8b465ee728b)
Start importing Assets/Script/CPlayer.cs using Guid(f381e71d1ed38b34f9195d164b81cce0) Importer(815301076,1909f56bfc062723c751e8b465ee728b)  -> (artifact id: '2fe150f67d7acaa650412a6a04ba8d67') in 0.002858 seconds 
========================================================================
Received Import Request.
  Time since last request: 82.101890 seconds.
  path: Assets/Script/CPlayer.cs
  artifactKey: Guid(f381e71d1ed38b34f9195d164b81cce0) Importer(815301076,1909f56bfc062723c751e8b465ee728b)
Start importing Assets/Script/CPlayer.cs using Guid(f381e71d1ed38b34f9195d164b81cce0) Importer(815301076,1909f56bfc062723c751e8b465ee728b)  -> (artifact id: '548b0eb2f70ea25087ca75d011d4f4de') in 0.002704 seconds 
========================================================================
Received Import Request.
  Time since last request: 215.064466 seconds.
  path: Assets/Script/CPlayer.cs
  artifactKey: Guid(f381e71d1ed38b34f9195d164b81cce0) Importer(815301076,1909f56bfc062723c751e8b465ee728b)
Start importing Assets/Script/CPlayer.cs using Guid(f381e71d1ed38b34f9195d164b81cce0) Importer(815301076,1909f56bfc062723c751e8b465ee728b)  -> (artifact id: 'd4a4c7dd44e66e66ec5f64f8472aa240') in 0.003359 seconds 
